[38;5;86m[HTTP][0m [37m-->[39m [37mPOST[39m [37m/session[39m [90m{"capabilities":{"alwaysMatch":{"platformName":"Android","appium:deviceName":"Mi9T","appium:udid":"f382abb1","appium:platformVersion":"10","appium:automationName":"UiAutomator2","appium:appPackage":"com.advtechgrp.corrlinks.chat.text","appium:appActivity":"com.advtechgrp.corrlinks.chat.text.MainActivity","appium:noReset":true,"appium:newCommandTimeout":300,"appium:adbExecTimeout":20000,"appium:autoGrantPermissions":true,"appium:ignoreHiddenApiPolicyError":true,"appium:disableWindowAnimation":true},"firstMatch":[{}]}}[39m
[38;5;126m[AppiumDriver@240f][0m Calling AppiumDriver.createSession() with args: [{"alwaysMatch":{"platformName":"Android","appium:deviceName":"Mi9T","appium:udid":"f382abb1","appium:platformVersion":"10","appium:automationName":"UiAutomator2","appium:appPackage":"com.advtechgrp.corrlinks.chat.text","appium:appActivity":"com.advtechgrp.corrlinks.chat.text.MainActivity","appium:noReset":true,"appium:newCommandTimeout":300,"appium:adbExecTimeout":20000,"appium:autoGrantPermissions":true,"appium:ignoreHiddenApiPolicyError":true,"appium:disableWindowAnimation":true},"firstMatch":[{}]},{"alwaysMatch":{"platformName":"Android","appium:deviceName":"Mi9T","appium:udid":"f382abb1","appium:platformVersion":"10","appium:automationName":"UiAutomator2","appium:appPackage":"com.advtechgrp.corrlinks.chat.text","appium:appActivity":"com.advtechgrp.corrlinks.chat.text.MainActivity","appium:noReset":true,"appium:newCommandTimeout":300,"appium:adbExecTimeout":20000,"appium:autoGrantPermissions":true,"appium:ignoreHiddenApiPolicyError":true,"appium:disableWindowAnimation":true},"firstMatch":[{}]},{"always...
[38;5;126m[AppiumDriver@240f][0m Event 'newSessionRequested' logged at 1758282566764 (17:49:26 GMT+0600 (Bangladesh Standard Time))
[38;5;112m[Appium][0m Attempting to find matching driver for automationName 'UiAutomator2' and platformName 'Android'
[38;5;112m[Appium][0m The 'uiautomator2' driver was installed and matched caps.
[38;5;112m[Appium][0m Will require it at /home/inzamum-n/Desktop/Mobile App Automation/node_modules/appium-uiautomator2-driver
[38;5;112m[Appium][0m Requiring driver at /home/inzamum-n/Desktop/Mobile App Automation/node_modules/appium-uiautomator2-driver/build/index.js
[38;5;126m[AppiumDriver@240f][0m Appium v3.0.2 creating new AndroidUiautomator2Driver (v5.0.1) session
[38;5;126m[AppiumDriver@240f][0m Checking BaseDriver versions for Appium and AndroidUiautomator2Driver
[38;5;126m[AppiumDriver@240f][0m Appium's BaseDriver version is 10.0.1
[38;5;126m[AppiumDriver@240f][0m AndroidUiautomator2Driver's BaseDriver version is 10.0.1
[38;5;-92m[AndroidUiautomator2Driver@53dc][0m 
[38;5;-92m[AndroidUiautomator2Driver@53dc][0m Creating session with W3C capabilities: {
  "alwaysMatch": {
    "platformName": "Android",
    "appium:deviceName": "Mi9T",
    "appium:udid": "f382abb1",
    "appium:platformVersion": "10",
    "appium:automationName": "UiAutomator2",
    "appium:appPackage": "com.advtechgrp.corrlinks.chat.text",
    "appium:appActivity": "com.advtechgrp.corrlinks.chat.text.MainActivity",
    "appium:noReset": true,
    "appium:newCommandTimeout": 300,
    "appium:adbExecTimeout": 20000,
    "appium:autoGrantPermissions": true,
    "appium:ignoreHiddenApiPolicyError": true,
    "appium:disableWindowAnimation": true
  },
  "firstMatch": [
    {}
  ]
}
[38;5;217m[10cd561e][0m[38;5;-92m[AndroidUiautomator2Driver@53dc][0m Session created with session id: 10cd561e-e448-4578-b176-26be62a5e91b
[38;5;217m[10cd561e][0m[38;5;229m[ADB][0m Cannot sort build-tools folders ["debian","29.0.3"] by semantic version names.
[38;5;217m[10cd561e][0m[38;5;229m[ADB][0m Falling back to sorting by modification date. Original error: Invalid Version: debian
[38;5;217m[10cd561e][0m[38;5;229m[ADB][0m Found 2 'build-tools' folders under '/usr/lib/android-sdk' (newest first):
[38;5;217m[10cd561e][0m[38;5;229m[ADB][0m     /usr/lib/android-sdk/build-tools/debian
[38;5;217m[10cd561e][0m[38;5;229m[ADB][0m     /usr/lib/android-sdk/build-tools/29.0.3
[38;5;217m[10cd561e][0m[38;5;229m[ADB][0m Using 'adb' from '/usr/lib/android-sdk/platform-tools/adb'
[38;5;217m[10cd561e][0m[38;5;229m[ADB][0m Running '/usr/lib/android-sdk/platform-tools/adb -P 5037 start-server'
[38;5;217m[10cd561e][0m[38;5;-92m[AndroidUiautomator2Driver@53dc][0m Retrieving device list
[38;5;217m[10cd561e][0m[38;5;229m[ADB][0m Trying to find connected Android devices
[38;5;217m[10cd561e][0m[38;5;229m[ADB][0m Getting connected devices
[38;5;217m[10cd561e][0m[38;5;229m[ADB][0m Connected devices: [{"udid":"f382abb1","state":"device"}]
[38;5;217m[10cd561e][0m[38;5;-92m[AndroidUiautomator2Driver@53dc][0m Using device: f382abb1
[38;5;217m[10cd561e][0m[38;5;229m[ADB][0m Using 'adb' from '/usr/lib/android-sdk/platform-tools/adb'
[38;5;217m[10cd561e][0m[38;5;229m[ADB][0m Running '/usr/lib/android-sdk/platform-tools/adb -P 5037 start-server'
[38;5;217m[10cd561e][0m[38;5;229m[ADB][0m Setting device id to f382abb1
[38;5;217m[10cd561e][0m[38;5;-92m[AndroidUiautomator2Driver@53dc][0m Starting 'com.advtechgrp.corrlinks.chat.text' directly on the device
[38;5;217m[10cd561e][0m[38;5;229m[ADB][0m Running '/usr/lib/android-sdk/platform-tools/adb -P 5037 -s f382abb1 shell getprop ro.build.version.sdk'
[38;5;217m[10cd561e][0m[38;5;229m[ADB][0m Current device property 'ro.build.version.sdk': 29
[38;5;217m[10cd561e][0m[38;5;229m[ADB][0m Getting device platform version
[38;5;217m[10cd561e][0m[38;5;229m[ADB][0m Running '/usr/lib/android-sdk/platform-tools/adb -P 5037 -s f382abb1 shell getprop ro.build.version.release'
[38;5;217m[10cd561e][0m[38;5;229m[ADB][0m Current device property 'ro.build.version.release': 10
[38;5;217m[10cd561e][0m[38;5;229m[ADB][0m Device API level: 29
[38;5;217m[10cd561e][0m[38;5;-92m[AndroidUiautomator2Driver@53dc][0m Relaxing hidden api policy
[38;5;217m[10cd561e][0m[38;5;229m[ADB][0m Running '/usr/lib/android-sdk/platform-tools/adb -P 5037 -s f382abb1 shell 'settings put global hidden_api_policy_pre_p_apps 1;settings put global hidden_api_policy_p_apps 1;settings put global hidden_api_policy 1''
[38;5;217m[10cd561e][0m[38;5;-92m[AndroidUiautomator2Driver@53dc][0m Pushing settings apk to the device...
[38;5;217m[10cd561e][0m[38;5;229m[ADB][0m Getting package info for 'io.appium.settings'
[38;5;217m[10cd561e][0m[38;5;229m[ADB][0m Running '/usr/lib/android-sdk/platform-tools/adb -P 5037 -s f382abb1 shell dumpsys package io.appium.settings'
[38;5;217m[10cd561e][0m[38;5;229m[ADB][0m Using 'aapt2' from '/usr/lib/android-sdk/build-tools/debian/aapt2'
[38;5;217m[10cd561e][0m[38;5;229m[ADB][0m Reading package manifest: '/usr/lib/android-sdk/build-tools/debian/aapt2 dump badging '/home/inzamum-n/Desktop/Mobile App Automation/node_modules/appium-uiautomator2-driver/node_modules/io.appium.settings/apks/settings_apk-debug.apk''
[38;5;217m[10cd561e][0m[38;5;229m[ADB][0m The version name of the installed 'io.appium.settings' is greater or equal to the application version name ('6.0.4' >= '6.0.4')
[38;5;217m[10cd561e][0m[38;5;229m[ADB][0m There is no need to install/upgrade '/home/inzamum-n/Desktop/Mobile App Automation/node_modules/appium-uiautomator2-driver/node_modules/io.appium.settings/apks/settings_apk-debug.apk'
[38;5;217m[10cd561e][0m[38;5;229m[ADB][0m Running '/usr/lib/android-sdk/platform-tools/adb -P 5037 -s f382abb1 shell dumpsys activity services io.appium.settings'
[38;5;217m[10cd561e][0m[38;5;-92m[AndroidUiautomator2Driver@53dc][0m io.appium.settings is already running. There is no need to reset its permissions.
[38;5;217m[10cd561e][0m[38;5;160m[Logcat][0m Starting logs capture with command: /usr/lib/android-sdk/platform-tools/adb -P 5037 -s f382abb1 logcat -v threadtime
[38;5;217m[10cd561e][0m[38;5;229m[ADB][0m Running '/usr/lib/android-sdk/platform-tools/adb -P 5037 -s f382abb1 shell appops set io.appium.settings android:mock_location allow'
[38;5;217m[10cd561e][0m[38;5;229m[ADB][0m Running '/usr/lib/android-sdk/platform-tools/adb -P 5037 -s f382abb1 shell "[ -e '/data/local/tmp/mock_apps.json' ] && echo __PASS__"'
[38;5;217m[10cd561e][0m[38;5;229m[ADB][0m Running '/usr/lib/android-sdk/platform-tools/adb -P 5037 -s f382abb1 shell cat /data/local/tmp/mock_apps.json'
[38;5;217m[10cd561e][0m[38;5;-92m[AndroidUiautomator2Driver@53dc][0m Forwarding UiAutomator2 Server port 6790 to local port 8202
[38;5;217m[10cd561e][0m[38;5;229m[ADB][0m Forwarding system: 8202 to device: 6790
[38;5;217m[10cd561e][0m[38;5;229m[ADB][0m Running '/usr/lib/android-sdk/platform-tools/adb -P 5037 -s f382abb1 forward tcp:8202 tcp:6790'
[38;5;217m[10cd561e][0m[38;5;-92m[AndroidUiautomator2Driver@53dc][0m UIA2Proxy options: {"server":"127.0.0.1","port":8202,"keepAlive":true,"scheme":"http","base":"","reqBasePath":"","sessionId":null,"timeout":240000}
[38;5;217m[10cd561e][0m[38;5;229m[ADB][0m Getting package info for 'io.appium.uiautomator2.server'
[38;5;217m[10cd561e][0m[38;5;229m[ADB][0m Running '/usr/lib/android-sdk/platform-tools/adb -P 5037 -s f382abb1 shell dumpsys package io.appium.uiautomator2.server'
[38;5;217m[10cd561e][0m[38;5;229m[ADB][0m Getting install status for io.appium.uiautomator2.server.test
[38;5;217m[10cd561e][0m[38;5;-92m[AndroidUiautomator2Driver@53dc][0m No app capability. Assuming it is already on the device
[38;5;217m[10cd561e][0m[38;5;229m[ADB][0m Running '/usr/lib/android-sdk/platform-tools/adb -P 5037 -s f382abb1 shell cmd package list packages'
[38;5;217m[10cd561e][0m[38;5;229m[ADB][0m Reading package manifest: '/usr/lib/android-sdk/build-tools/debian/aapt2 dump badging '/home/inzamum-n/Desktop/Mobile App Automation/node_modules/appium-uiautomator2-driver/node_modules/appium-uiautomator2-server/apks/appium-uiautomator2-server-v8.0.0.apk''
[38;5;217m[10cd561e][0m[38;5;229m[ADB][0m The version name of the installed 'io.appium.uiautomator2.server' is greater or equal to the application version name ('8.0.0' >= '8.0.0')
[38;5;217m[10cd561e][0m[38;5;229m[ADB][0m 'io.appium.uiautomator2.server.test' is installed
[38;5;217m[10cd561e][0m[38;5;-92m[AndroidUiautomator2Driver@53dc][0m Server packages status: [{"installState":"sameVersionInstalled","appPath":"/home/inzamum-n/Desktop/Mobile App Automation/node_modules/appium-uiautomator2-driver/node_modules/appium-uiautomator2-server/apks/appium-uiautomator2-server-v8.0.0.apk","appId":"io.appium.uiautomator2.server"},{"installState":"sameVersionInstalled","appPath":"/home/inzamum-n/Desktop/Mobile App Automation/node_modules/appium-uiautomator2-driver/node_modules/appium-uiautomator2-server/apks/appium-uiautomator2-server-debug-androidTest.apk","appId":"io.appium.uiautomator2.server.test"}]
[38;5;217m[10cd561e][0m[38;5;-92m[AndroidUiautomator2Driver@53dc][0m Server packages are not going to be (re)installed
[38;5;217m[10cd561e][0m[38;5;-92m[AndroidUiautomator2Driver@53dc][0m Waiting up to 30000ms for services to be available
[38;5;217m[10cd561e][0m[38;5;229m[ADB][0m Running '/usr/lib/android-sdk/platform-tools/adb -P 5037 -s f382abb1 shell pm list instrumentation'
[38;5;217m[10cd561e][0m[38;5;-92m[AndroidUiautomator2Driver@53dc][0m Instrumentation target 'io.appium.uiautomator2.server.test/androidx.test.runner.AndroidJUnitRunner' is available
[38;5;217m[10cd561e][0m[38;5;229m[ADB][0m Adding packages ["io.appium.settings","io.appium.uiautomator2.server","io.appium.uiautomator2.server.test"] to Doze whitelist
[38;5;217m[10cd561e][0m[38;5;229m[ADB][0m Got the following command chunks to execute: [["dumpsys","deviceidle","whitelist","+io.appium.settings",";","dumpsys","deviceidle","whitelist","+io.appium.uiautomator2.server",";","dumpsys","deviceidle","whitelist","+io.appium.uiautomator2.server.test",";"]]
[38;5;217m[10cd561e][0m[38;5;229m[ADB][0m Running '/usr/lib/android-sdk/platform-tools/adb -P 5037 -s f382abb1 shell dumpsys deviceidle whitelist +io.appium.settings ; dumpsys deviceidle whitelist +io.appium.uiautomator2.server ; dumpsys deviceidle whitelist +io.appium.uiautomator2.server.test ;'
[38;5;217m[10cd561e][0m[38;5;-92m[AndroidUiautomator2Driver@53dc][0m Performing shallow cleanup of automation leftovers
[38;5;217m[10cd561e][0m[38;5;-92m[AndroidUiautomator2Driver@53dc][0m No obsolete sessions have been detected (socket hang up)
[38;5;217m[10cd561e][0m[38;5;229m[ADB][0m Running '/usr/lib/android-sdk/platform-tools/adb -P 5037 -s f382abb1 shell am force-stop io.appium.uiautomator2.server'
[38;5;217m[10cd561e][0m[38;5;229m[ADB][0m Running '/usr/lib/android-sdk/platform-tools/adb -P 5037 -s f382abb1 shell am force-stop io.appium.uiautomator2.server.test'
[38;5;217m[10cd561e][0m[38;5;-92m[AndroidUiautomator2Driver@53dc][0m Starting UIAutomator2 server 8.0.0
[38;5;217m[10cd561e][0m[38;5;-92m[AndroidUiautomator2Driver@53dc][0m Using UIAutomator2 server from '/home/inzamum-n/Desktop/Mobile App Automation/node_modules/appium-uiautomator2-driver/node_modules/appium-uiautomator2-server/apks/appium-uiautomator2-server-v8.0.0.apk' and test from '/home/inzamum-n/Desktop/Mobile App Automation/node_modules/appium-uiautomator2-driver/node_modules/appium-uiautomator2-server/apks/appium-uiautomator2-server-debug-androidTest.apk'
[38;5;217m[10cd561e][0m[38;5;-92m[AndroidUiautomator2Driver@53dc][0m Waiting up to 30000ms for UiAutomator2 to be online...
[38;5;217m[10cd561e][0m[38;5;229m[ADB][0m Creating ADB subprocess with args: ["-P","5037","-s","f382abb1","shell","am","instrument","-w","--no-window-animation","-e","disableAnalytics","true","io.appium.uiautomator2.server.test/androidx.test.runner.AndroidJUnitRunner"]
[38;5;217m[10cd561e][0m[38;5;-92m[AndroidUiautomator2Driver@53dc][0m Matched '/status' to command name 'getStatus'
[38;5;217m[10cd561e][0m[38;5;-92m[AndroidUiautomator2Driver@53dc][0m Proxying [GET /status] to [GET http://127.0.0.1:8202/status] with no body
[38;5;217m[10cd561e][0m[38;5;-92m[AndroidUiautomator2Driver@53dc][0m socket hang up
[38;5;217m[10cd561e][0m[38;5;-92m[AndroidUiautomator2Driver@53dc][0m Matched '/status' to command name 'getStatus'
[38;5;217m[10cd561e][0m[38;5;-92m[AndroidUiautomator2Driver@53dc][0m Proxying [GET /status] to [GET http://127.0.0.1:8202/status] with no body
[38;5;217m[10cd561e][0m[38;5;-92m[AndroidUiautomator2Driver@53dc][0m socket hang up
[38;5;217m[10cd561e][0m[38;5;-92m[AndroidUiautomator2Driver@53dc][0m [Instrumentation] 
[38;5;217m[10cd561e][0m[38;5;-92m[AndroidUiautomator2Driver@53dc][0m Matched '/status' to command name 'getStatus'
[38;5;217m[10cd561e][0m[38;5;-92m[AndroidUiautomator2Driver@53dc][0m Proxying [GET /status] to [GET http://127.0.0.1:8202/status] with no body
[38;5;217m[10cd561e][0m[38;5;-92m[AndroidUiautomator2Driver@53dc][0m Got response with status 200: {"sessionId":"None","value":{"build":{"version":"8.0.0","versionCode":221},"message":"UiAutomator2 Server is ready to accept commands","ready":true}}
[38;5;217m[10cd561e][0m[38;5;-92m[AndroidUiautomator2Driver@53dc][0m The initialization of the instrumentation process took 2200ms
[38;5;217m[10cd561e][0m[38;5;-92m[AndroidUiautomator2Driver@53dc][0m Matched '/session' to command name 'createSession'
[38;5;217m[10cd561e][0m[38;5;-92m[AndroidUiautomator2Driver@53dc][0m Proxying [POST /session] to [POST http://127.0.0.1:8202/session] with body: {"capabilities":{"firstMatch":[{"platformName":"Android","deviceName":"f382abb1","udid":"f382abb1","platformVersion":"10","automationName":"UiAutomator2","appPackage":"com.advtechgrp.corrlinks.chat.text","appActivity":"com.advtechgrp.corrlinks.chat.text.MainActivity","noReset":true,"newCommandTimeout":300,"adbExecTimeout":20000,"autoGrantPermissions":true,"ignoreHiddenApiPolicyError":true,"disableWindowAnimation":true,"platform":"LINUX","webStorageEnabled":false,"takesScreenshot":true,"javascriptEnabled":true,"databaseEnabled":false,"networkConnectionEnabled":true,"locationContextEnabled":false,"warnings":{},"desired":{"platformName":"Android","deviceName":"Mi9T","udid":"f382abb1","platformVersion":"10","automationName":"UiAutomator2","appPackage":"com.advtechgrp.corrlinks.chat.text","appActivity":"com.advtechgrp.corrlinks.chat.text.MainActivity","noReset":true,"newCommandTimeout":300,"adbExecTimeout":20000,"autoGrantPermissions":true,"ignoreHiddenApiPolicyError":true,"disableWindowAnimation":true},"device...
[38;5;217m[10cd561e][0m[38;5;-92m[AndroidUiautomator2Driver@53dc][0m Got response with status 200: {"sessionId":"d294ef6d-ff23-4040-94e3-d7651cc59edb","value":{"capabilities":{"firstMatch":[{"platformName":"Android","deviceName":"f382abb1","udid":"f382abb1","platformVersion":"10","automationName":"UiAutomator2","appPackage":"com.advtechgrp.corrlinks.chat.text","appActivity":"com.advtechgrp.corrlinks.chat.text.MainActivity","noReset":true,"newCommandTimeout":300,"adbExecTimeout":20000,"autoGrantPermissions":true,"ignoreHiddenApiPolicyError":true,"disableWindowAnimation":true,"platform":"LINUX","webStorageEnabled":false,"takesScreenshot":true,"javascriptEnabled":true,"databaseEnabled":false,"networkConnectionEnabled":true,"locationContextEnabled":false,"warnings":{},"desired":{"platformName":"Android","deviceName":"Mi9T","udid":"f382abb1","platformVersion":"10","automationName":"UiAutomator2","appPackage":"com.advtechgrp.corrlinks.chat.text","appActivity":"com.advtechgrp.corrlinks.chat.text.MainActivity","noReset":true,"newCommandTimeout":300,"adbExecTimeout":20000,"autoGrantPermissions":true,"ignoreHidde...
[38;5;217m[10cd561e][0m[38;5;-92m[AndroidUiautomator2Driver@53dc][0m Determined the downstream protocol as 'W3C'
[38;5;217m[10cd561e][0m[38;5;-92m[AndroidUiautomator2Driver@53dc][0m Proxying [GET /appium/device/pixel_ratio] to [GET http://127.0.0.1:8202/session/d294ef6d-ff23-4040-94e3-d7651cc59edb/appium/device/pixel_ratio] with no body
[38;5;217m[10cd561e][0m[38;5;-92m[AndroidUiautomator2Driver@53dc][0m Proxying [GET /appium/device/system_bars] to [GET http://127.0.0.1:8202/session/d294ef6d-ff23-4040-94e3-d7651cc59edb/appium/device/system_bars] with no body
[38;5;217m[10cd561e][0m[38;5;-92m[AndroidUiautomator2Driver@53dc][0m Proxying [GET /window/current/size] to [GET http://127.0.0.1:8202/session/d294ef6d-ff23-4040-94e3-d7651cc59edb/window/current/size] with no body
[38;5;217m[10cd561e][0m[38;5;-92m[AndroidUiautomator2Driver@53dc][0m Proxying [GET /appium/device/info] to [GET http://127.0.0.1:8202/session/d294ef6d-ff23-4040-94e3-d7651cc59edb/appium/device/info] with no body
[38;5;217m[10cd561e][0m[38;5;229m[ADB][0m Running '/usr/lib/android-sdk/platform-tools/adb -P 5037 -s f382abb1 shell dumpsys window'
[38;5;217m[10cd561e][0m[38;5;229m[ADB][0m Running '/usr/lib/android-sdk/platform-tools/adb -P 5037 -s f382abb1 shell dumpsys power'
[38;5;217m[10cd561e][0m[38;5;-92m[AndroidUiautomator2Driver@53dc][0m Got response with status 200: {"sessionId":"d294ef6d-ff23-4040-94e3-d7651cc59edb","value":2.75}
[38;5;217m[10cd561e][0m[38;5;-92m[AndroidUiautomator2Driver@53dc][0m Got response with status 200: {"sessionId":"d294ef6d-ff23-4040-94e3-d7651cc59edb","value":{"height":2340,"width":1080}}
[38;5;217m[10cd561e][0m[38;5;-92m[AndroidUiautomator2Driver@53dc][0m Got response with status 200: {"sessionId":"d294ef6d-ff23-4040-94e3-d7651cc59edb","value":{"statusBar":96}}
[38;5;217m[10cd561e][0m[38;5;-92m[AndroidUiautomator2Driver@53dc][0m Screen already unlocked, doing nothing
[38;5;217m[10cd561e][0m[38;5;-92m[AndroidUiautomator2Driver@53dc][0m Starting 'com.advtechgrp.corrlinks.chat.text/com.advtechgrp.corrlinks.chat.text.MainActivity' and waiting for 'com.advtechgrp.corrlinks.chat.text/com.advtechgrp.corrlinks.chat.text.MainActivity'
[38;5;217m[10cd561e][0m[38;5;229m[ADB][0m Getting IDs of all 'com.advtechgrp.corrlinks.chat.text' processes
[38;5;217m[10cd561e][0m[38;5;229m[ADB][0m Running '/usr/lib/android-sdk/platform-tools/adb -P 5037 -s f382abb1 shell 'pgrep --help; echo $?''
[38;5;217m[10cd561e][0m[38;5;-92m[AndroidUiautomator2Driver@53dc][0m Got response with status 200: {"sessionId":"d294ef6d-ff23-4040-94e3-d7651cc59edb","value":{"androidId":"559261adb6c5baec","apiVersion":"29","bluetooth":{"state":"OFF"},"brand":"Xiaomi","carrierName":"Grameenphone","displayDensity":440,"locale":"en_GB","manufacturer":"Xiaomi","model":"Mi 9T","networks":[{"capabilities":{"SSID":null,"linkDownBandwidthKbps":1048576,"linkUpstreamBandwidthKbps":1048576,"networkCapabilities":"NET_CAPABILITY_NOT_METERED,NET_CAPABILITY_INTERNET,NET_CAPABILITY_NOT_RESTRICTED,NET_CAPABILITY_TRUSTED,NET_CAPABILITY_NOT_VPN,NET_CAPABILITY_VALIDATED,NET_CAPABILITY_NOT_ROAMING,NET_CAPABILITY_FOREGROUND,NET_CAPABILITY_NOT_CONGESTED,NET_CAPABILITY_NOT_SUSPENDED","signalStrength":-54,"transportTypes":"TRANSPORT_WIFI"},"detailedState":"CONNECTED","extraInfo":null,"isAvailable":true,"isConnected":true,"isFailover":false,"isRoaming":false,"state":"CONNECTED","subtype":0,"subtypeName":"","type":1,"typeName":"WIFI"},{"capabilities":{"SSID":null,"linkDownBandwidthKbps":102400,"linkUpstreamBandwidthKbps":51200,"networkCapabili...
[38;5;217m[10cd561e][0m[38;5;229m[ADB][0m Running '/usr/lib/android-sdk/platform-tools/adb -P 5037 -s f382abb1 shell pgrep -f \(\[\[:blank:\]\]\|\^\)com\.advtechgrp\.corrlinks\.chat\.text\(:\[a-zA-Z0-9_-\]\+\)\?\(\[\[:blank:\]\]\|\$\)'
[38;5;217m[10cd561e][0m[38;5;-92m[AndroidUiautomator2Driver@53dc][0m 'com.advtechgrp.corrlinks.chat.text' is already running and noReset is enabled. Set forceAppLaunch capability to true if the app must be forcefully restarted on session startup.
[38;5;217m[10cd561e][0m[38;5;126m[AppiumDriver@240f][0m New AndroidUiautomator2Driver session created successfully, session 10cd561e-e448-4578-b176-26be62a5e91b added to master session list
[38;5;217m[10cd561e][0m[38;5;126m[AppiumDriver@240f][0m Event 'newSessionStarted' logged at 1758282570519 (17:49:30 GMT+0600 (Bangladesh Standard Time))
[38;5;217m[10cd561e][0m[38;5;-92m[AndroidUiautomator2Driver@53dc][0m Cached the protocol value 'W3C' for the new session 10cd561e-e448-4578-b176-26be62a5e91b
[38;5;217m[10cd561e][0m[38;5;-92m[AndroidUiautomator2Driver@53dc][0m Responding to client with driver.createSession() result: {"capabilities":{"platformName":"Android","deviceName":"f382abb1","udid":"f382abb1","platformVersion":"10","automationName":"UiAutomator2","appPackage":"com.advtechgrp.corrlinks.chat.text","appActivity":"com.advtechgrp.corrlinks.chat.text.MainActivity","noReset":true,"newCommandTimeout":300,"adbExecTimeout":20000,"autoGrantPermissions":true,"ignoreHiddenApiPolicyError":true,"disableWindowAnimation":true,"platform":"LINUX","webStorageEnabled":false,"takesScreenshot":true,"javascriptEnabled":true,"databaseEnabled":false,"networkConnectionEnabled":true,"locationContextEnabled":false,"warnings":{},"desired":{"platformName":"Android","deviceName":"Mi9T","udid":"f382abb1","platformVersion":"10","automationName":"UiAutomator2","appPackage":"com.advtechgrp.corrlinks.chat.text","appActivity":"com.advtechgrp.corrlinks.chat.text.MainActivity","noReset":true,"newCommandTimeout":300,"adbExecTimeout":20000,"autoGrantPermissions":true,"ignoreHiddenApiPolicyError":true,"disableWindowAnimation":true},"deviceUDID":"f382abb1...
[38;5;217m[10cd561e][0m[38;5;86m[HTTP][0m [37m<-- POST /session [39m[32m200[39m [90m3765 ms - 1315[39m [90m[39m
[38;5;217m[10cd561e][0m[38;5;86m[HTTP][0m [37m-->[39m [37mPOST[39m [37m/session/10cd561e-e448-4578-b176-26be62a5e91b/appium/device/activate_app[39m [90m{"appId":"com.advtechgrp.corrlinks.chat.text"}[39m
[38;5;217m[10cd561e][0m[38;5;-92m[AndroidUiautomator2Driver@53dc][0m Calling AppiumDriver.activateApp() with args: ["com.advtechgrp.corrlinks.chat.text",null,"10cd561e-e448-4578-b176-26be62a5e91b"]
[38;5;217m[10cd561e][0m[38;5;229m[ADB][0m Activating 'com.advtechgrp.corrlinks.chat.text'
[38;5;217m[10cd561e][0m[38;5;229m[ADB][0m Running '/usr/lib/android-sdk/platform-tools/adb -P 5037 -s f382abb1 shell cmd package resolve-activity --brief com.advtechgrp.corrlinks.chat.text'
[38;5;217m[10cd561e][0m[38;5;229m[ADB][0m Running '/usr/lib/android-sdk/platform-tools/adb -P 5037 -s f382abb1 shell am start-activity -a android.intent.action.MAIN -c android.intent.category.LAUNCHER -f 0x10200000 -n com.advtechgrp.corrlinks.chat.text/.MainActivity'
[38;5;217m[10cd561e][0m[38;5;229m[ADB][0m Starting: Intent { act=android.intent.action.MAIN cat=[android.intent.category.LAUNCHER] flg=0x10200000 cmp=com.advtechgrp.corrlinks.chat.text/.MainActivity }
[38;5;217m[10cd561e][0m[38;5;-92m[AndroidUiautomator2Driver@53dc][0m Responding to client with driver.activateApp() result: null
[38;5;217m[10cd561e][0m[38;5;86m[HTTP][0m [37m<-- POST /session/10cd561e-e448-4578-b176-26be62a5e91b/appium/device/activate_app [39m[32m200[39m [90m180 ms - 14[39m [90m[39m
[38;5;217m[10cd561e][0m[38;5;86m[HTTP][0m [37m-->[39m [37mPOST[39m [37m/session/10cd561e-e448-4578-b176-26be62a5e91b/element[39m [90m{"using":"-android uiautomator","value":"new UiSelector().className(\"android.widget.TextView\").text(\"Login\")"}[39m
[38;5;217m[10cd561e][0m[38;5;-92m[AndroidUiautomator2Driver@53dc][0m Calling AppiumDriver.findElement() with args: ["-android uiautomator","new UiSelector().className(\"android.widget.TextView\").text(\"Login\")","10cd561e-e448-4578-b176-26be62a5e91b"]
[38;5;217m[10cd561e][0m[38;5;-92m[AndroidUiautomator2Driver@53dc][0m Valid locator strategies for this request: xpath, id, class name, accessibility id, css selector, -android uiautomator
[38;5;217m[10cd561e][0m[38;5;-92m[AndroidUiautomator2Driver@53dc][0m Waiting up to 0 ms for condition
[38;5;217m[10cd561e][0m[38;5;-92m[AndroidUiautomator2Driver@53dc][0m Matched '/element' to command name 'findElement'
[38;5;217m[10cd561e][0m[38;5;-92m[AndroidUiautomator2Driver@53dc][0m Proxying [POST /element] to [POST http://127.0.0.1:8202/session/d294ef6d-ff23-4040-94e3-d7651cc59edb/element] with body: {"strategy":"-android uiautomator","selector":"new UiSelector().className(\"android.widget.TextView\").text(\"Login\")","context":"","multiple":false}
[38;5;217m[10cd561e][0m[38;5;-92m[AndroidUiautomator2Driver@53dc][0m Got response with status 404: {"sessionId":"d294ef6d-ff23-4040-94e3-d7651cc59edb","value":{"error":"no such element","message":"An element could not be located on the page using the given search parameters","stacktrace":"io.appium.uiautomator2.common.exceptions.ElementNotFoundException: An element could not be located on the page using the given search parameters\n\tat io.appium.uiautomator2.handler.FindElement.safeHandle(FindElement.java:63)\n\tat io.appium.uiautomator2.handler.request.SafeRequestHandler.handle(SafeRequestHandler.java:59)\n\tat io.appium.uiautomator2.server.AppiumServlet.handleRequest(AppiumServlet.java:259)\n\tat io.appium.uiautomator2.server.AppiumServlet.handleHttpRequest(AppiumServlet.java:253)\n\tat io.appium.uiautomator2.http.ServerHandler.channelRead(ServerHandler.java:77)\n\tat io.netty.channel.AbstractChannelHandlerContext.invokeChannelRead(AbstractChannelHandlerContext.java:374)\n\tat io.netty.channel.AbstractChannelHandlerContext.invokeChannelRead(AbstractChannelHandlerContext.java:360)\n\tat io.netty.chann...
[38;5;217m[10cd561e][0m[38;5;123m[W3C][0m Matched W3C error code 'no such element' to NoSuchElementError
[38;5;217m[10cd561e][0m[38;5;-92m[AndroidUiautomator2Driver@53dc][0m Encountered internal error running command: NoSuchElementError: An element could not be located on the page using the given search parameters.
    at AndroidUiautomator2Driver.findElOrEls (/home/inzamum-n/Desktop/Mobile App Automation/node_modules/appium-uiautomator2-driver/node_modules/appium-android-driver/lib/commands/find.ts:86:11)
    at processTicksAndRejections (node:internal/process/task_queues:105:5)
    at AndroidUiautomator2Driver.findElOrElsWithProcessing (/home/inzamum-n/Desktop/Mobile App Automation/node_modules/@appium/base-driver/lib/basedriver/commands/find.ts:60:12)
    at AndroidUiautomator2Driver.findElement (/home/inzamum-n/Desktop/Mobile App Automation/node_modules/@appium/base-driver/lib/basedriver/commands/find.ts:75:12)
[38;5;217m[10cd561e][0m[38;5;86m[HTTP][0m [37m<-- POST /session/10cd561e-e448-4578-b176-26be62a5e91b/element [39m[33m404[39m [90m166 ms - 858[39m [90m[39m
[38;5;217m[10cd561e][0m[38;5;86m[HTTP][0m [37m-->[39m [37mPOST[39m [37m/session/10cd561e-e448-4578-b176-26be62a5e91b/element[39m [90m{"using":"-android uiautomator","value":"new UiSelector().className(\"android.widget.TextView\").text(\"Login\")"}[39m
[38;5;217m[10cd561e][0m[38;5;-92m[AndroidUiautomator2Driver@53dc][0m Calling AppiumDriver.findElement() with args: ["-android uiautomator","new UiSelector().className(\"android.widget.TextView\").text(\"Login\")","10cd561e-e448-4578-b176-26be62a5e91b"]
[38;5;217m[10cd561e][0m[38;5;-92m[AndroidUiautomator2Driver@53dc][0m Valid locator strategies for this request: xpath, id, class name, accessibility id, css selector, -android uiautomator
[38;5;217m[10cd561e][0m[38;5;-92m[AndroidUiautomator2Driver@53dc][0m Waiting up to 0 ms for condition
[38;5;217m[10cd561e][0m[38;5;-92m[AndroidUiautomator2Driver@53dc][0m Matched '/element' to command name 'findElement'
[38;5;217m[10cd561e][0m[38;5;-92m[AndroidUiautomator2Driver@53dc][0m Proxying [POST /element] to [POST http://127.0.0.1:8202/session/d294ef6d-ff23-4040-94e3-d7651cc59edb/element] with body: {"strategy":"-android uiautomator","selector":"new UiSelector().className(\"android.widget.TextView\").text(\"Login\")","context":"","multiple":false}
[38;5;217m[10cd561e][0m[38;5;-92m[AndroidUiautomator2Driver@53dc][0m Got response with status 404: {"sessionId":"d294ef6d-ff23-4040-94e3-d7651cc59edb","value":{"error":"no such element","message":"An element could not be located on the page using the given search parameters","stacktrace":"io.appium.uiautomator2.common.exceptions.ElementNotFoundException: An element could not be located on the page using the given search parameters\n\tat io.appium.uiautomator2.handler.FindElement.safeHandle(FindElement.java:63)\n\tat io.appium.uiautomator2.handler.request.SafeRequestHandler.handle(SafeRequestHandler.java:59)\n\tat io.appium.uiautomator2.server.AppiumServlet.handleRequest(AppiumServlet.java:259)\n\tat io.appium.uiautomator2.server.AppiumServlet.handleHttpRequest(AppiumServlet.java:253)\n\tat io.appium.uiautomator2.http.ServerHandler.channelRead(ServerHandler.java:77)\n\tat io.netty.channel.AbstractChannelHandlerContext.invokeChannelRead(AbstractChannelHandlerContext.java:374)\n\tat io.netty.channel.AbstractChannelHandlerContext.invokeChannelRead(AbstractChannelHandlerContext.java:360)\n\tat io.netty.chann...
[38;5;217m[10cd561e][0m[38;5;123m[W3C][0m Matched W3C error code 'no such element' to NoSuchElementError
[38;5;217m[10cd561e][0m[38;5;-92m[AndroidUiautomator2Driver@53dc][0m Encountered internal error running command: NoSuchElementError: An element could not be located on the page using the given search parameters.
    at AndroidUiautomator2Driver.findElOrEls (/home/inzamum-n/Desktop/Mobile App Automation/node_modules/appium-uiautomator2-driver/node_modules/appium-android-driver/lib/commands/find.ts:86:11)
    at processTicksAndRejections (node:internal/process/task_queues:105:5)
    at AndroidUiautomator2Driver.findElOrElsWithProcessing (/home/inzamum-n/Desktop/Mobile App Automation/node_modules/@appium/base-driver/lib/basedriver/commands/find.ts:60:12)
    at AndroidUiautomator2Driver.findElement (/home/inzamum-n/Desktop/Mobile App Automation/node_modules/@appium/base-driver/lib/basedriver/commands/find.ts:75:12)
[38;5;217m[10cd561e][0m[38;5;86m[HTTP][0m [37m<-- POST /session/10cd561e-e448-4578-b176-26be62a5e91b/element [39m[33m404[39m [90m174 ms - 858[39m [90m[39m
[38;5;217m[10cd561e][0m[38;5;86m[HTTP][0m [37m-->[39m [37mPOST[39m [37m/session/10cd561e-e448-4578-b176-26be62a5e91b/elements[39m [90m{"using":"-android uiautomator","value":"new UiSelector().className(\"android.view.View\").clickable(true)"}[39m
[38;5;217m[10cd561e][0m[38;5;-92m[AndroidUiautomator2Driver@53dc][0m Calling AppiumDriver.findElements() with args: ["-android uiautomator","new UiSelector().className(\"android.view.View\").clickable(true)","10cd561e-e448-4578-b176-26be62a5e91b"]
[38;5;217m[10cd561e][0m[38;5;-92m[AndroidUiautomator2Driver@53dc][0m Valid locator strategies for this request: xpath, id, class name, accessibility id, css selector, -android uiautomator
[38;5;217m[10cd561e][0m[38;5;-92m[AndroidUiautomator2Driver@53dc][0m Waiting up to 0 ms for condition
[38;5;217m[10cd561e][0m[38;5;-92m[AndroidUiautomator2Driver@53dc][0m Matched '/elements' to command name 'findElements'
[38;5;217m[10cd561e][0m[38;5;-92m[AndroidUiautomator2Driver@53dc][0m Proxying [POST /elements] to [POST http://127.0.0.1:8202/session/d294ef6d-ff23-4040-94e3-d7651cc59edb/elements] with body: {"strategy":"-android uiautomator","selector":"new UiSelector().className(\"android.view.View\").clickable(true)","context":"","multiple":true}
[38;5;217m[10cd561e][0m[38;5;-92m[AndroidUiautomator2Driver@53dc][0m Got response with status 200: {"sessionId":"d294ef6d-ff23-4040-94e3-d7651cc59edb","value":[{"ELEMENT":"00000000-0000-055a-0000-0bef00000004","element-6066-11e4-a52e-4f735466cecf":"00000000-0000-055a-0000-0bef00000004"},{"ELEMENT":"00000000-0000-055a-0000-0bf300000004","element-6066-11e4-a52e-4f735466cecf":"00000000-0000-055a-0000-0bf300000004"},{"ELEMENT":"00000000-0000-055a-0000-0bfc00000004","element-6066-11e4-a52e-4f735466cecf":"00000000-0000-055a-0000-0bfc00000004"},{"ELEMENT":"00000000-0000-055a-0000-0c0200000004","element-6066-11e4-a52e-4f735466cecf":"00000000-0000-055a-0000-0c0200000004"},{"ELEMENT":"00000000-0000-055a-0000-0c0b00000004","element-6066-11e4-a52e-4f735466cecf":"00000000-0000-055a-0000-0c0b00000004"},{"ELEMENT":"00000000-0000-055a-0000-0c1400000004","element-6066-11e4-a52e-4f735466cecf":"00000000-0000-055a-0000-0c1400000004"},{"ELEMENT":"00000000-0000-055a-0000-0c1d00000004","element-6066-11e4-a52e-4f735466cecf":"00000000-0000-055a-0000-0c1d00000004"},{"ELEMENT":"00000000-0000-055a-0000-0c2600000004","element-6066-...
[38;5;217m[10cd561e][0m[38;5;-92m[AndroidUiautomator2Driver@53dc][0m Responding to client with driver.findElements() result: [{"element-6066-11e4-a52e-4f735466cecf":"00000000-0000-055a-0000-0bef00000004","ELEMENT":"00000000-0000-055a-0000-0bef00000004"},{"element-6066-11e4-a52e-4f735466cecf":"00000000-0000-055a-0000-0bf300000004","ELEMENT":"00000000-0000-055a-0000-0bf300000004"},{"element-6066-11e4-a52e-4f735466cecf":"00000000-0000-055a-0000-0bfc00000004","ELEMENT":"00000000-0000-055a-0000-0bfc00000004"},{"element-6066-11e4-a52e-4f735466cecf":"00000000-0000-055a-0000-0c0200000004","ELEMENT":"00000000-0000-055a-0000-0c0200000004"},{"element-6066-11e4-a52e-4f735466cecf":"00000000-0000-055a-0000-0c0b00000004","ELEMENT":"00000000-0000-055a-0000-0c0b00000004"},{"element-6066-11e4-a52e-4f735466cecf":"00000000-0000-055a-0000-0c1400000004","ELEMENT":"00000000-0000-055a-0000-0c1400000004"},{"element-6066-11e4-a52e-4f735466cecf":"00000000-0000-055a-0000-0c1d00000004","ELEMENT":"00000000-0000-055a-0000-0c1d00000004"},{"element-6066-11e4-a52e-4f735466cecf":"00000000-0000-055a-0000-0c2600000004","ELEMENT":"00000000-0000-055a-0000-0c260000000...
[38;5;217m[10cd561e][0m[38;5;86m[HTTP][0m [37m<-- POST /session/10cd561e-e448-4578-b176-26be62a5e91b/elements [39m[32m200[39m [90m1029 ms - 1419[39m [90m[39m
[38;5;217m[10cd561e][0m[38;5;86m[HTTP][0m [37m-->[39m [37mPOST[39m [37m/session/10cd561e-e448-4578-b176-26be62a5e91b/element/00000000-0000-055a-0000-0bef00000004/click[39m [90m{}[39m
[38;5;217m[10cd561e][0m[38;5;-92m[AndroidUiautomator2Driver@53dc][0m Calling AppiumDriver.click() with args: ["00000000-0000-055a-0000-0bef00000004","10cd561e-e448-4578-b176-26be62a5e91b"]
[38;5;217m[10cd561e][0m[38;5;-92m[AndroidUiautomator2Driver@53dc][0m Matched '/element/00000000-0000-055a-0000-0bef00000004/click' to command name 'click'
[38;5;217m[10cd561e][0m[38;5;-92m[AndroidUiautomator2Driver@53dc][0m Proxying [POST /element/00000000-0000-055a-0000-0bef00000004/click] to [POST http://127.0.0.1:8202/session/d294ef6d-ff23-4040-94e3-d7651cc59edb/element/00000000-0000-055a-0000-0bef00000004/click] with body: {"element":"00000000-0000-055a-0000-0bef00000004"}
[38;5;217m[10cd561e][0m[38;5;-92m[AndroidUiautomator2Driver@53dc][0m Got response with status 200: {"sessionId":"d294ef6d-ff23-4040-94e3-d7651cc59edb","value":null}
[38;5;217m[10cd561e][0m[38;5;-92m[AndroidUiautomator2Driver@53dc][0m Responding to client with driver.click() result: null
[38;5;217m[10cd561e][0m[38;5;86m[HTTP][0m [37m<-- POST /session/10cd561e-e448-4578-b176-26be62a5e91b/element/00000000-0000-055a-0000-0bef00000004/click [39m[32m200[39m [90m1052 ms - 14[39m [90m[39m
[38;5;217m[10cd561e][0m[38;5;86m[HTTP][0m [37m-->[39m [37mPOST[39m [37m/session/10cd561e-e448-4578-b176-26be62a5e91b/elements[39m [90m{"using":"-android uiautomator","value":"new UiSelector().className(\"android.widget.TextView\")"}[39m
[38;5;217m[10cd561e][0m[38;5;-92m[AndroidUiautomator2Driver@53dc][0m Calling AppiumDriver.findElements() with args: ["-android uiautomator","new UiSelector().className(\"android.widget.TextView\")","10cd561e-e448-4578-b176-26be62a5e91b"]
[38;5;217m[10cd561e][0m[38;5;-92m[AndroidUiautomator2Driver@53dc][0m Valid locator strategies for this request: xpath, id, class name, accessibility id, css selector, -android uiautomator
[38;5;217m[10cd561e][0m[38;5;-92m[AndroidUiautomator2Driver@53dc][0m Waiting up to 0 ms for condition
[38;5;217m[10cd561e][0m[38;5;-92m[AndroidUiautomator2Driver@53dc][0m Matched '/elements' to command name 'findElements'
[38;5;217m[10cd561e][0m[38;5;-92m[AndroidUiautomator2Driver@53dc][0m Proxying [POST /elements] to [POST http://127.0.0.1:8202/session/d294ef6d-ff23-4040-94e3-d7651cc59edb/elements] with body: {"strategy":"-android uiautomator","selector":"new UiSelector().className(\"android.widget.TextView\")","context":"","multiple":true}
[38;5;217m[10cd561e][0m[38;5;-92m[AndroidUiautomator2Driver@53dc][0m Got response with status 200: {"sessionId":"d294ef6d-ff23-4040-94e3-d7651cc59edb","value":[{"ELEMENT":"00000000-0000-055a-0000-0bee00000004","element-6066-11e4-a52e-4f735466cecf":"00000000-0000-055a-0000-0bee00000004"},{"ELEMENT":"00000000-0000-055a-0000-0bfb00000004","element-6066-11e4-a52e-4f735466cecf":"00000000-0000-055a-0000-0bfb00000004"},{"ELEMENT":"00000000-0000-055a-0000-0bfe00000004","element-6066-11e4-a52e-4f735466cecf":"00000000-0000-055a-0000-0bfe00000004"},{"ELEMENT":"00000000-0000-055a-0000-0c0400000004","element-6066-11e4-a52e-4f735466cecf":"00000000-0000-055a-0000-0c0400000004"},{"ELEMENT":"00000000-0000-055a-0000-0c0700000004","element-6066-11e4-a52e-4f735466cecf":"00000000-0000-055a-0000-0c0700000004"},{"ELEMENT":"00000000-0000-055a-0000-0c0800000004","element-6066-11e4-a52e-4f735466cecf":"00000000-0000-055a-0000-0c0800000004"},{"ELEMENT":"00000000-0000-055a-0000-0c0900000004","element-6066-11e4-a52e-4f735466cecf":"00000000-0000-055a-0000-0c0900000004"},{"ELEMENT":"00000000-0000-055a-0000-0c5c00000004","element-6066-...
[38;5;217m[10cd561e][0m[38;5;-92m[AndroidUiautomator2Driver@53dc][0m Responding to client with driver.findElements() result: [{"element-6066-11e4-a52e-4f735466cecf":"00000000-0000-055a-0000-0bee00000004","ELEMENT":"00000000-0000-055a-0000-0bee00000004"},{"element-6066-11e4-a52e-4f735466cecf":"00000000-0000-055a-0000-0bfb00000004","ELEMENT":"00000000-0000-055a-0000-0bfb00000004"},{"element-6066-11e4-a52e-4f735466cecf":"00000000-0000-055a-0000-0bfe00000004","ELEMENT":"00000000-0000-055a-0000-0bfe00000004"},{"element-6066-11e4-a52e-4f735466cecf":"00000000-0000-055a-0000-0c0400000004","ELEMENT":"00000000-0000-055a-0000-0c0400000004"},{"element-6066-11e4-a52e-4f735466cecf":"00000000-0000-055a-0000-0c0700000004","ELEMENT":"00000000-0000-055a-0000-0c0700000004"},{"element-6066-11e4-a52e-4f735466cecf":"00000000-0000-055a-0000-0c0800000004","ELEMENT":"00000000-0000-055a-0000-0c0800000004"},{"element-6066-11e4-a52e-4f735466cecf":"00000000-0000-055a-0000-0c0900000004","ELEMENT":"00000000-0000-055a-0000-0c0900000004"},{"element-6066-11e4-a52e-4f735466cecf":"00000000-0000-055a-0000-0c5c00000004","ELEMENT":"00000000-0000-055a-0000-0c5c0000000...
[38;5;217m[10cd561e][0m[38;5;86m[HTTP][0m [37m<-- POST /session/10cd561e-e448-4578-b176-26be62a5e91b/elements [39m[32m200[39m [90m981 ms - 4875[39m [90m[39m
[38;5;217m[10cd561e][0m[38;5;86m[HTTP][0m [37m-->[39m [37mGET[39m [37m/session/10cd561e-e448-4578-b176-26be62a5e91b/element/00000000-0000-055a-0000-0c4600000004/text[39m [90m[39m
[38;5;217m[10cd561e][0m[38;5;-92m[AndroidUiautomator2Driver@53dc][0m Driver proxy active, passing request on via HTTP proxy
[38;5;217m[10cd561e][0m[38;5;-92m[AndroidUiautomator2Driver@53dc][0m Matched '/session/10cd561e-e448-4578-b176-26be62a5e91b/element/00000000-0000-055a-0000-0c4600000004/text' to command name 'getText'
[38;5;217m[10cd561e][0m[38;5;-92m[AndroidUiautomator2Driver@53dc][0m Proxying [GET /session/10cd561e-e448-4578-b176-26be62a5e91b/element/00000000-0000-055a-0000-0c4600000004/text] to [GET http://127.0.0.1:8202/session/d294ef6d-ff23-4040-94e3-d7651cc59edb/element/00000000-0000-055a-0000-0c4600000004/text] with no body
[38;5;217m[10cd561e][0m[38;5;-92m[AndroidUiautomator2Driver@53dc][0m Got response with status 200: {"sessionId":"d294ef6d-ff23-4040-94e3-d7651cc59edb","value":"SCULLARK, SHERMAN"}
[38;5;217m[10cd561e][0m[38;5;-92m[AndroidUiautomator2Driver@53dc][0m Replacing sessionId d294ef6d-ff23-4040-94e3-d7651cc59edb with 10cd561e-e448-4578-b176-26be62a5e91b
[38;5;217m[10cd561e][0m[38;5;86m[HTTP][0m [37m<-- GET /session/10cd561e-e448-4578-b176-26be62a5e91b/element/00000000-0000-055a-0000-0c4600000004/text [39m[32m200[39m [90m98 ms - 29[39m [90m[39m
[38;5;217m[10cd561e][0m[38;5;86m[HTTP][0m [37m-->[39m [37mPOST[39m [37m/session/10cd561e-e448-4578-b176-26be62a5e91b/elements[39m [90m{"using":"-android uiautomator","value":"new UiSelector().className(\"android.widget.TextView\")"}[39m
[38;5;217m[10cd561e][0m[38;5;-92m[AndroidUiautomator2Driver@53dc][0m Calling AppiumDriver.findElements() with args: ["-android uiautomator","new UiSelector().className(\"android.widget.TextView\")","10cd561e-e448-4578-b176-26be62a5e91b"]
[38;5;217m[10cd561e][0m[38;5;-92m[AndroidUiautomator2Driver@53dc][0m Valid locator strategies for this request: xpath, id, class name, accessibility id, css selector, -android uiautomator
[38;5;217m[10cd561e][0m[38;5;-92m[AndroidUiautomator2Driver@53dc][0m Waiting up to 0 ms for condition
[38;5;217m[10cd561e][0m[38;5;-92m[AndroidUiautomator2Driver@53dc][0m Matched '/elements' to command name 'findElements'
[38;5;217m[10cd561e][0m[38;5;-92m[AndroidUiautomator2Driver@53dc][0m Proxying [POST /elements] to [POST http://127.0.0.1:8202/session/d294ef6d-ff23-4040-94e3-d7651cc59edb/elements] with body: {"strategy":"-android uiautomator","selector":"new UiSelector().className(\"android.widget.TextView\")","context":"","multiple":true}
[38;5;217m[10cd561e][0m[38;5;-92m[AndroidUiautomator2Driver@53dc][0m Got response with status 200: {"sessionId":"d294ef6d-ff23-4040-94e3-d7651cc59edb","value":[{"ELEMENT":"00000000-0000-055a-0000-0bee00000004","element-6066-11e4-a52e-4f735466cecf":"00000000-0000-055a-0000-0bee00000004"},{"ELEMENT":"00000000-0000-055a-0000-0bfb00000004","element-6066-11e4-a52e-4f735466cecf":"00000000-0000-055a-0000-0bfb00000004"},{"ELEMENT":"00000000-0000-055a-0000-0bfe00000004","element-6066-11e4-a52e-4f735466cecf":"00000000-0000-055a-0000-0bfe00000004"},{"ELEMENT":"00000000-0000-055a-0000-0c0400000004","element-6066-11e4-a52e-4f735466cecf":"00000000-0000-055a-0000-0c0400000004"},{"ELEMENT":"00000000-0000-055a-0000-0c0700000004","element-6066-11e4-a52e-4f735466cecf":"00000000-0000-055a-0000-0c0700000004"},{"ELEMENT":"00000000-0000-055a-0000-0c0800000004","element-6066-11e4-a52e-4f735466cecf":"00000000-0000-055a-0000-0c0800000004"},{"ELEMENT":"00000000-0000-055a-0000-0c0900000004","element-6066-11e4-a52e-4f735466cecf":"00000000-0000-055a-0000-0c0900000004"},{"ELEMENT":"00000000-0000-055a-0000-0c5c00000004","element-6066-...
[38;5;217m[10cd561e][0m[38;5;-92m[AndroidUiautomator2Driver@53dc][0m Responding to client with driver.findElements() result: [{"element-6066-11e4-a52e-4f735466cecf":"00000000-0000-055a-0000-0bee00000004","ELEMENT":"00000000-0000-055a-0000-0bee00000004"},{"element-6066-11e4-a52e-4f735466cecf":"00000000-0000-055a-0000-0bfb00000004","ELEMENT":"00000000-0000-055a-0000-0bfb00000004"},{"element-6066-11e4-a52e-4f735466cecf":"00000000-0000-055a-0000-0bfe00000004","ELEMENT":"00000000-0000-055a-0000-0bfe00000004"},{"element-6066-11e4-a52e-4f735466cecf":"00000000-0000-055a-0000-0c0400000004","ELEMENT":"00000000-0000-055a-0000-0c0400000004"},{"element-6066-11e4-a52e-4f735466cecf":"00000000-0000-055a-0000-0c0700000004","ELEMENT":"00000000-0000-055a-0000-0c0700000004"},{"element-6066-11e4-a52e-4f735466cecf":"00000000-0000-055a-0000-0c0800000004","ELEMENT":"00000000-0000-055a-0000-0c0800000004"},{"element-6066-11e4-a52e-4f735466cecf":"00000000-0000-055a-0000-0c0900000004","ELEMENT":"00000000-0000-055a-0000-0c0900000004"},{"element-6066-11e4-a52e-4f735466cecf":"00000000-0000-055a-0000-0c5c00000004","ELEMENT":"00000000-0000-055a-0000-0c5c0000000...
[38;5;217m[10cd561e][0m[38;5;86m[HTTP][0m [37m<-- POST /session/10cd561e-e448-4578-b176-26be62a5e91b/elements [39m[32m200[39m [90m1455 ms - 4875[39m [90m[39m
[38;5;217m[10cd561e][0m[38;5;86m[HTTP][0m [37m-->[39m [37mGET[39m [37m/session/10cd561e-e448-4578-b176-26be62a5e91b/element/00000000-0000-055a-0000-0bee00000004/text[39m [90m[39m
[38;5;217m[10cd561e][0m[38;5;-92m[AndroidUiautomator2Driver@53dc][0m Driver proxy active, passing request on via HTTP proxy
[38;5;217m[10cd561e][0m[38;5;-92m[AndroidUiautomator2Driver@53dc][0m Matched '/session/10cd561e-e448-4578-b176-26be62a5e91b/element/00000000-0000-055a-0000-0bee00000004/text' to command name 'getText'
[38;5;217m[10cd561e][0m[38;5;-92m[AndroidUiautomator2Driver@53dc][0m Proxying [GET /session/10cd561e-e448-4578-b176-26be62a5e91b/element/00000000-0000-055a-0000-0bee00000004/text] to [GET http://127.0.0.1:8202/session/d294ef6d-ff23-4040-94e3-d7651cc59edb/element/00000000-0000-055a-0000-0bee00000004/text] with no body
[38;5;217m[10cd561e][0m[38;5;-92m[AndroidUiautomator2Driver@53dc][0m Got response with status 200: {"sessionId":"d294ef6d-ff23-4040-94e3-d7651cc59edb","value":"Contacts"}
[38;5;217m[10cd561e][0m[38;5;-92m[AndroidUiautomator2Driver@53dc][0m Replacing sessionId d294ef6d-ff23-4040-94e3-d7651cc59edb with 10cd561e-e448-4578-b176-26be62a5e91b
[38;5;217m[10cd561e][0m[38;5;86m[HTTP][0m [37m<-- GET /session/10cd561e-e448-4578-b176-26be62a5e91b/element/00000000-0000-055a-0000-0bee00000004/text [39m[32m200[39m [90m69 ms - 20[39m [90m[39m
[38;5;217m[10cd561e][0m[38;5;86m[HTTP][0m [37m-->[39m [37mGET[39m [37m/session/10cd561e-e448-4578-b176-26be62a5e91b/element/00000000-0000-055a-0000-0bfb00000004/text[39m [90m[39m
[38;5;217m[10cd561e][0m[38;5;-92m[AndroidUiautomator2Driver@53dc][0m Driver proxy active, passing request on via HTTP proxy
[38;5;217m[10cd561e][0m[38;5;-92m[AndroidUiautomator2Driver@53dc][0m Matched '/session/10cd561e-e448-4578-b176-26be62a5e91b/element/00000000-0000-055a-0000-0bfb00000004/text' to command name 'getText'
[38;5;217m[10cd561e][0m[38;5;-92m[AndroidUiautomator2Driver@53dc][0m Proxying [GET /session/10cd561e-e448-4578-b176-26be62a5e91b/element/00000000-0000-055a-0000-0bfb00000004/text] to [GET http://127.0.0.1:8202/session/d294ef6d-ff23-4040-94e3-d7651cc59edb/element/00000000-0000-055a-0000-0bfb00000004/text] with no body
[38;5;217m[10cd561e][0m[38;5;-92m[AndroidUiautomator2Driver@53dc][0m Got response with status 200: {"sessionId":"d294ef6d-ff23-4040-94e3-d7651cc59edb","value":"$7.90"}
[38;5;217m[10cd561e][0m[38;5;-92m[AndroidUiautomator2Driver@53dc][0m Replacing sessionId d294ef6d-ff23-4040-94e3-d7651cc59edb with 10cd561e-e448-4578-b176-26be62a5e91b
[38;5;217m[10cd561e][0m[38;5;86m[HTTP][0m [37m<-- GET /session/10cd561e-e448-4578-b176-26be62a5e91b/element/00000000-0000-055a-0000-0bfb00000004/text [39m[32m200[39m [90m87 ms - 17[39m [90m[39m
[38;5;217m[10cd561e][0m[38;5;86m[HTTP][0m [37m-->[39m [37mPOST[39m [37m/session/10cd561e-e448-4578-b176-26be62a5e91b/back[39m [90m{}[39m
[38;5;217m[10cd561e][0m[38;5;-92m[AndroidUiautomator2Driver@53dc][0m Driver proxy active, passing request on via HTTP proxy
[38;5;217m[10cd561e][0m[38;5;-92m[AndroidUiautomator2Driver@53dc][0m Matched '/session/10cd561e-e448-4578-b176-26be62a5e91b/back' to command name 'back'
[38;5;217m[10cd561e][0m[38;5;-92m[AndroidUiautomator2Driver@53dc][0m Proxying [POST /session/10cd561e-e448-4578-b176-26be62a5e91b/back] to [POST http://127.0.0.1:8202/session/d294ef6d-ff23-4040-94e3-d7651cc59edb/back] with body: {}
[38;5;217m[10cd561e][0m[38;5;-92m[AndroidUiautomator2Driver@53dc][0m Got response with status 200: {"sessionId":"d294ef6d-ff23-4040-94e3-d7651cc59edb","value":null}
[38;5;217m[10cd561e][0m[38;5;-92m[AndroidUiautomator2Driver@53dc][0m Replacing sessionId d294ef6d-ff23-4040-94e3-d7651cc59edb with 10cd561e-e448-4578-b176-26be62a5e91b
[38;5;217m[10cd561e][0m[38;5;86m[HTTP][0m [37m<-- POST /session/10cd561e-e448-4578-b176-26be62a5e91b/back [39m[32m200[39m [90m1097 ms - 14[39m [90m[39m
[38;5;217m[10cd561e][0m[38;5;86m[HTTP][0m [37m-->[39m [37mPOST[39m [37m/session/10cd561e-e448-4578-b176-26be62a5e91b/elements[39m [90m{"using":"-android uiautomator","value":"new UiSelector().className(\"android.view.View\").clickable(true)"}[39m
[38;5;217m[10cd561e][0m[38;5;-92m[AndroidUiautomator2Driver@53dc][0m Calling AppiumDriver.findElements() with args: ["-android uiautomator","new UiSelector().className(\"android.view.View\").clickable(true)","10cd561e-e448-4578-b176-26be62a5e91b"]
[38;5;217m[10cd561e][0m[38;5;-92m[AndroidUiautomator2Driver@53dc][0m Valid locator strategies for this request: xpath, id, class name, accessibility id, css selector, -android uiautomator
[38;5;217m[10cd561e][0m[38;5;-92m[AndroidUiautomator2Driver@53dc][0m Waiting up to 0 ms for condition
[38;5;217m[10cd561e][0m[38;5;-92m[AndroidUiautomator2Driver@53dc][0m Matched '/elements' to command name 'findElements'
[38;5;217m[10cd561e][0m[38;5;-92m[AndroidUiautomator2Driver@53dc][0m Proxying [POST /elements] to [POST http://127.0.0.1:8202/session/d294ef6d-ff23-4040-94e3-d7651cc59edb/elements] with body: {"strategy":"-android uiautomator","selector":"new UiSelector().className(\"android.view.View\").clickable(true)","context":"","multiple":true}
